<?xml version="1.0" encoding="UTF-8"?>
<!-- Generated by org.testng.reporters.JUnitXMLReporter -->
<testsuite ignored="0" hostname="DESKTOP-EA3O7R6" failures="0" tests="11" name="Default test" time="74.299" errors="0" timestamp="2022-11-18T12:16:15 IST">
  <testcase classname="DemoWebShop.RegisterTest" name="register" time="4.088"/>
  <testcase classname="DemoWebShop.DigitalDownLoadsTest" name="login" time="2.407"/>
  <testcase classname="DemoWebShop.DigitalDownLoadsTest" name="navigateToThirdAlbumPage" time="4.856"/>
  <testcase classname="DemoWebShop.DigitalDownLoadsTest" name="navigateToShoppingCartPage" time="0.752"/>
  <testcase classname="DemoWebShop.DigitalDownLoadsTest" name="navigateToCheckoutPage" time="2.752"/>
  <testcase classname="DemoWebShop.DigitalDownLoadsTest" name="navigateToThankYouPage" time="2.494"/>
  <testcase classname="DemoWebShop.DigitalDownLoadsTest" name="navtigateToPaymentInformation" time="1.085"/>
  <testcase classname="DemoWebShop.DigitalDownLoadsTest" name="navtigateToConfirmOrder" time="0.43"/>
  <testcase classname="DemoWebShop.DigitalDownLoadsTest" name="navtigateToThankYouPage" time="0.553"/>
  <testcase classname="DemoWebShop.DigitalDownLoadsTest" name="navtigateToHomePage" time="2.458"/>
  <testcase classname="DemoWebShop.LoginTest" name="login" time="2.07"/>
</testsuite> <!-- Default test -->
