<?xml version="1.0" encoding="UTF-8"?>
<!-- Generated by org.testng.reporters.JUnitXMLReporter -->
<testsuite ignored="0" hostname="DESKTOP-EA3O7R6" failures="0" tests="11" name="Test" time="46.04" errors="0" timestamp="2022-11-18T17:27:51 IST">
  <testcase classname="DemoWebShop.LoginTest" name="login" time="3.524"/>
  <testcase classname="DemoWebShop.DigitalDownLoadsTest" name="login" time="3.018"/>
  <testcase classname="DemoWebShop.RegisterTest" name="register" time="5.176"/>
  <testcase classname="DemoWebShop.DigitalDownLoadsTest" name="navigateToThirdAlbumPage" time="8.01"/>
  <testcase classname="DemoWebShop.DigitalDownLoadsTest" name="navigateToShoppingCartPage" time="0.666"/>
  <testcase classname="DemoWebShop.DigitalDownLoadsTest" name="navigateToCheckoutPage" time="2.457"/>
  <testcase classname="DemoWebShop.DigitalDownLoadsTest" name="navigateToThankYouPage" time="2.782"/>
  <testcase classname="DemoWebShop.DigitalDownLoadsTest" name="navtigateToPaymentInformation" time="1.15"/>
  <testcase classname="DemoWebShop.DigitalDownLoadsTest" name="navtigateToConfirmOrder" time="0.718"/>
  <testcase classname="DemoWebShop.DigitalDownLoadsTest" name="navtigateToThankYouPage" time="0.423"/>
  <testcase classname="DemoWebShop.DigitalDownLoadsTest" name="navtigateToHomePage" time="2.971"/>
</testsuite> <!-- Test -->
