<?xml version="1.0" encoding="UTF-8"?>
<!-- Generated by org.testng.reporters.JUnitXMLReporter -->
<testsuite ignored="0" hostname="DESKTOP-EA3O7R6" failures="0" tests="9" name="Test" time="26.864" errors="0" timestamp="2022-11-18T13:06:07 IST">
  <testcase classname="DemoWebShop.DigitalDownLoadsTest" name="login" time="2.168"/>
  <testcase classname="DemoWebShop.DigitalDownLoadsTest" name="navigateToThirdAlbumPage" time="5.396"/>
  <testcase classname="DemoWebShop.DigitalDownLoadsTest" name="navigateToShoppingCartPage" time="0.881"/>
  <testcase classname="DemoWebShop.DigitalDownLoadsTest" name="navigateToCheckoutPage" time="2.406"/>
  <testcase classname="DemoWebShop.DigitalDownLoadsTest" name="navigateToThankYouPage" time="2.29"/>
  <testcase classname="DemoWebShop.DigitalDownLoadsTest" name="navtigateToPaymentInformation" time="0.907"/>
  <testcase classname="DemoWebShop.DigitalDownLoadsTest" name="navtigateToConfirmOrder" time="0.285"/>
  <testcase classname="DemoWebShop.DigitalDownLoadsTest" name="navtigateToThankYouPage" time="0.612"/>
  <testcase classname="DemoWebShop.DigitalDownLoadsTest" name="navtigateToHomePage" time="2.367"/>
</testsuite> <!-- Test -->
