<?xml version="1.0" encoding="UTF-8"?>
<testng-results ignored="0" total="1" passed="1" failed="0" skipped="0">
  <reporter-output>
    <line>
      <![CDATA[Clicking on Login Link]]>
    </line>
    <line>
      <![CDATA[Enter Email]]>
    </line>
    <line>
      <![CDATA[Enter Password]]>
    </line>
    <line>
      <![CDATA[Checking RememberMe_CheckBox()]]>
    </line>
    <line>
      <![CDATA[Clicking on Login button]]>
    </line>
  </reporter-output>
  <suite started-at="2022-11-16T15:15:24 IST" name="Default suite" finished-at="2022-11-16T15:15:37 IST" duration-ms="13350">
    <groups>
    </groups>
    <test started-at="2022-11-16T15:15:24 IST" name="Default test" finished-at="2022-11-16T15:15:37 IST" duration-ms="13350">
      <class name="DemoWebShop.LoginTest">
        <test-method is-config="true" signature="setup()[pri:0, instance:DemoWebShop.LoginTest@3ce1e309]" started-at="2022-11-16T15:15:24 IST" name="setup" finished-at="2022-11-16T15:15:34 IST" duration-ms="10095" status="PASS">
          <reporter-output>
          </reporter-output>
        </test-method> <!-- setup -->
        <test-method signature="login()[pri:0, instance:DemoWebShop.LoginTest@3ce1e309]" started-at="2022-11-16T15:15:34 IST" name="login" finished-at="2022-11-16T15:15:37 IST" duration-ms="2776" status="PASS">
          <reporter-output>
            <line>
              <![CDATA[Clicking on Login Link]]>
            </line>
            <line>
              <![CDATA[Enter Email]]>
            </line>
            <line>
              <![CDATA[Enter Password]]>
            </line>
            <line>
              <![CDATA[Checking RememberMe_CheckBox()]]>
            </line>
            <line>
              <![CDATA[Clicking on Login button]]>
            </line>
          </reporter-output>
        </test-method> <!-- login -->
        <test-method is-config="true" signature="tearDown()[pri:0, instance:DemoWebShop.LoginTest@3ce1e309]" started-at="2022-11-16T15:15:37 IST" name="tearDown" finished-at="2022-11-16T15:15:37 IST" duration-ms="408" status="PASS">
          <reporter-output>
          </reporter-output>
        </test-method> <!-- tearDown -->
      </class> <!-- DemoWebShop.LoginTest -->
    </test> <!-- Default test -->
  </suite> <!-- Default suite -->
</testng-results>
